<?xml version="1.0" encoding="UTF-8"?>
<testsuite name="JUnit Jupiter" tests="8" skipped="0" failures="0" errors="0" time="0.076" hostname="DESKTOP-0HQSHUN" timestamp="2026-01-05T17:15:38">
<properties>
[...]
</properties>
<testcase name="testSaveAndLoad()" classname="com.medev.tp4.GameTest" time="0.001">
<system-out><![CDATA[
unique-id: [engine:junit-jupiter]/[class:com.medev.tp4.GameTest]/[method:testSaveAndLoad()]
display-name: testSaveAndLoad()
]]></system-out>
</testcase>
<testcase name="testRemovePiece()" classname="com.medev.tp4.BoardTest" time="0.024">
<system-out><![CDATA[
unique-id: [engine:junit-jupiter]/[class:com.medev.tp4.BoardTest]/[method:testRemovePiece()]
display-name: testRemovePiece()
]]></system-out>
</testcase>
<testcase name="testInitialSetup()" classname="com.medev.tp4.BoardTest" time="0.001">
<system-out><![CDATA[
unique-id: [engine:junit-jupiter]/[class:com.medev.tp4.BoardTest]/[method:testInitialSetup()]
display-name: testInitialSetup()
]]></system-out>
</testcase>
<testcase name="testToString()" classname="com.medev.tp4.PieceTest" time="0">
<system-out><![CDATA[
unique-id: [engine:junit-jupiter]/[class:com.medev.tp4.PieceTest]/[method:testToString()]
display-name: testToString()
]]></system-out>
</testcase>
<testcase name="testPieceCreation()" classname="com.medev.tp4.PieceTest" time="0">
<system-out><![CDATA[
unique-id: [engine:junit-jupiter]/[class:com.medev.tp4.PieceTest]/[method:testPieceCreation()]
display-name: testPieceCreation()
]]></system-out>
</testcase>
<testcase name="testInitialState()" classname="com.medev.tp4.GameTest" time="0">
<system-out><![CDATA[
unique-id: [engine:junit-jupiter]/[class:com.medev.tp4.GameTest]/[method:testInitialState()]
display-name: testInitialState()
]]></system-out>
</testcase>
<testcase name="testMovePiece()" classname="com.medev.tp4.BoardTest" time="0">
<system-out><![CDATA[
unique-id: [engine:junit-jupiter]/[class:com.medev.tp4.BoardTest]/[method:testMovePiece()]
display-name: testMovePiece()
]]></system-out>
</testcase>
<testcase name="testPromote()" classname="com.medev.tp4.PieceTest" time="0.003">
<system-out><![CDATA[
unique-id: [engine:junit-jupiter]/[class:com.medev.tp4.PieceTest]/[method:testPromote()]
display-name: testPromote()
]]></system-out>
</testcase>
<system-out><![CDATA[
unique-id: [engine:junit-jupiter]
display-name: JUnit Jupiter
]]></system-out>
</testsuite>
